SF:/home/justin/code/audits/workspace/antimatter/src/Antimatter.sol
DA:119,0
DA:124,0
DA:131,4987
DA:132,0
DA:137,1
DA:143,1
DA:144,1
DA:145,1
DA:146,0
DA:148,1
DA:149,1
DA:155,1
DA:156,1
DA:157,1
DA:158,1
DA:159,0
DA:161,1
DA:162,1
DA:170,0
DA:171,0
DA:172,0
DA:177,0
DA:178,0
DA:182,0
DA:183,0
DA:187,0
DA:188,0
DA:192,0
DA:193,0
DA:198,4987
DA:222,18605
DA:223,18605
DA:225,18605
DA:226,18605
DA:227,18605
DA:228,18605
DA:230,18605
DA:234,9379
DA:235,9379
DA:239,9316
DA:243,9284
DA:244,9284
DA:246,9284
DA:247,9062
DA:251,9062
DA:253,9062
DA:254,9062
DA:256,9062
DA:257,9062
DA:260,6607
DA:261,6607
DA:263,6607
DA:280,18605
DA:281,18605
DA:282,18605
DA:284,18605
DA:285,18605
DA:286,18605
DA:292,18605
DA:293,18605
DA:294,18605
DA:295,18605
DA:297,9379
DA:298,9379
DA:299,9379
DA:300,9379
DA:307,0
DA:308,0
DA:309,0
FN:142,setPhUSD
FNDA:1,setPhUSD
FN:154,setPhUSDMinter
FNDA:1,setPhUSDMinter
FN:169,setApprovedMinter
FNDA:0,setApprovedMinter
FN:177,isApprovedMinter
FNDA:0,isApprovedMinter
FN:182,approvedMinterCount
FNDA:0,approvedMinterCount
FN:187,approvedMinterAt
FNDA:0,approvedMinterAt
FN:192,approvedMinters
FNDA:0,approvedMinters
FN:197,mint
FNDA:1,mint
FN:221,annihilate
FNDA:1,annihilate
FN:280,toStableAmount
FNDA:1,toStableAmount
FN:306,rescueERC20
FNDA:0,rescueERC20
end_of_record
